  CholeskyDecomposition.cpp
  ComplexNumber.cpp
  LUPDecomposition.cpp
  Matrix.cpp
  MatrixDecomposition.cpp
/CholeskyDecomposition.cpp(1,1): error C1083: Не удается открыть файл источник: CholeskyDecomposition.cpp: No such file or directory,
  MatrixProperties.cpp
  (компиляция исходного файла "/CholeskyDecomposition.cpp")
  
/ComplexNumber.cpp(1,1): error C1083: Не удается открыть файл источник: ComplexNumber.cpp: No such file or directory,
  (компиляция исходного файла "/ComplexNumber.cpp")
  
/LUPDecomposition.cpp(1,1): error C1083: Не удается открыть файл источник: LUPDecomposition.cpp: No such file or directory,
  (компиляция исходного файла "/LUPDecomposition.cpp")
  
/Matrix.cpp(1,1): error C1083: Не удается открыть файл источник: Matrix.cpp: No such file or directory,
  (компиляция исходного файла "/Matrix.cpp")
  
/MatrixDecomposition.cpp(1,1): error C1083: Не удается открыть файл источник: MatrixDecomposition.cpp: No such file or directory,
  (компиляция исходного файла "/MatrixDecomposition.cpp")
  
/MatrixProperties.cpp(1,1): error C1083: Не удается открыть файл источник: MatrixProperties.cpp: No such file or directory,
  (компиляция исходного файла "/MatrixProperties.cpp")
  
  Norms.cpp
/Norms.cpp(1,1): error C1083: Не удается открыть файл источник: Norms.cpp: No such file or directory,
  (компиляция исходного файла "/Norms.cpp")
  
  QRDecomposition.cpp
/QRDecomposition.cpp(1,1): error C1083: Не удается открыть файл источник: QRDecomposition.cpp: No such file or directory,
  (компиляция исходного файла "/QRDecomposition.cpp")
  
  RectangleMatrix.cpp
/RectangleMatrix.cpp(1,1): error C1083: Не удается открыть файл источник: RectangleMatrix.cpp: No such file or directory,
  (компиляция исходного файла "/RectangleMatrix.cpp")
  
  Source.cpp
/Source.cpp(1,1): error C1083: Не удается открыть файл источник: Source.cpp: No such file or directory,
  (компиляция исходного файла "/Source.cpp")
  
  SquareMatrix.cpp
/SquareMatrix.cpp(1,1): error C1083: Не удается открыть файл источник: SquareMatrix.cpp: No such file or directory,
  (компиляция исходного файла "/SquareMatrix.cpp")
  
  SVDDecomposition.cpp
/SVDDecomposition.cpp(1,1): error C1083: Не удается открыть файл источник: SVDDecomposition.cpp: No such file or directory,
  (компиляция исходного файла "/SVDDecomposition.cpp")
  
  Создание кода...
